{
  "stats": {
    "suites": 1,
    "tests": 2,
    "passes": 2,
    "pending": 0,
    "failures": 0,
    "start": "2020-12-21T23:06:53.352Z",
    "end": "2020-12-21T23:07:04.967Z",
    "duration": 11615,
    "testsRegistered": 2,
    "passPercent": 100,
    "pendingPercent": 0,
    "other": 0,
    "hasOther": false,
    "skipped": 0,
    "hasSkipped": false
  },
  "results": [
    {
      "uuid": "e04df01a-3775-428c-aaa5-95f332149b10",
      "title": "",
      "fullFile": "cypress/integration/cadastro.spec.js",
      "file": "cypress/integration/cadastro.spec.js",
      "beforeHooks": [],
      "afterHooks": [],
      "tests": [],
      "suites": [
        {
          "uuid": "cfaee140-0d93-4e1f-b747-15c76d2230e9",
          "title": "Cadastro",
          "fullFile": "",
          "file": "",
          "beforeHooks": [],
          "afterHooks": [],
          "tests": [
            {
              "title": "Efetuar cadastro de usuario",
              "fullTitle": "Cadastro Efetuar cadastro de usuario",
              "timedOut": null,
              "duration": 9931,
              "state": "passed",
              "speed": "slow",
              "pass": true,
              "fail": false,
              "pending": false,
              "context": null,
              "code": "cy.visit('index.php?controller=authentication&back=my-account');\ncy.get('input#email_create').type(email);\ncy.get('button#SubmitCreate').click();\ncy.get('input#id_gender2').check();\ncy.get('input#customer_firstname').type(firstName);\ncy.get('input#customer_lastname').type(lastName);\ncy.get('input#passwd').type('TesteQA@123');\ncy.get('select#days').select('15');\ncy.get('select#months').select('November');\ncy.get('select#years').select('1997');\ncy.get('input#optin').check();\ncy.get('input[name=\"address1\"]').type(address);\ncy.get('input[name=\"address2\"]').type('Apartment 21');\ncy.get('input[name=\"city\"]').type(city);\ncy.get('select#id_state').select('Kansas');\ncy.get('input#postcode').type(zipcode);\ncy.get('input#phone_mobile').type(mobile);\ncy.get('button#submitAccount').click();\ncy.url().should('contain', 'my-account');\ncy.get('div.row').parent().children('p').should('contain.text', 'Welcome to your account.');",
              "err": {},
              "uuid": "5775fe4b-606f-4734-a862-d19c179ab842",
              "parentUUID": "cfaee140-0d93-4e1f-b747-15c76d2230e9",
              "isHook": false,
              "skipped": false
            },
            {
              "title": "Efetuar cadastro de email inválido",
              "fullTitle": "Cadastro Efetuar cadastro de email inválido",
              "timedOut": null,
              "duration": 1631,
              "state": "passed",
              "speed": "slow",
              "pass": true,
              "fail": false,
              "pending": false,
              "context": null,
              "code": "cy.visit('index.php?controller=authentication&back=my-account');\ncy.get('input#email_create').type('asfajjasdgfj');\ncy.get('button#SubmitCreate').click();\ncy.get('div.row .alert').parent().should('contain.text', 'Invalid email address.');",
              "err": {},
              "uuid": "2f872213-8c3a-4b65-81e1-3a70ff142aad",
              "parentUUID": "cfaee140-0d93-4e1f-b747-15c76d2230e9",
              "isHook": false,
              "skipped": false
            }
          ],
          "suites": [],
          "passes": [
            "5775fe4b-606f-4734-a862-d19c179ab842",
            "2f872213-8c3a-4b65-81e1-3a70ff142aad"
          ],
          "failures": [],
          "pending": [],
          "skipped": [],
          "duration": 11562,
          "root": false,
          "rootEmpty": false,
          "_timeout": 2000
        }
      ],
      "passes": [],
      "failures": [],
      "pending": [],
      "skipped": [],
      "duration": 0,
      "root": true,
      "rootEmpty": true,
      "_timeout": 2000
    }
  ],
  "meta": {
    "mocha": {
      "version": "7.0.1"
    },
    "mochawesome": {
      "options": {
        "quiet": true,
        "reportFilename": "mochawesome",
        "saveHtml": false,
        "saveJson": true,
        "consoleReporter": "spec",
        "useInlineDiffs": false,
        "code": true
      },
      "version": "6.2.1"
    },
    "marge": {
      "options": {
        "id": "default",
        "reportDir": "mochawesome-report",
        "quiet": true,
        "overwrite": false,
        "html": false,
        "json": true
      },
      "version": "5.1.0"
    }
  }
}